<?xml version="1.0" encoding="UTF-8"?>
<!-- Generated by org.testng.reporters.JUnitReportReporter -->
<testsuite hostname="TTNPL-TushrGupts" failures="0" tests="3" name="Q3.HomePage" time="5.084" errors="0" timestamp="2023-03-23T14:11:50 IST" skipped="0">
  <testcase classname="Q3.HomePage" name="hometitle" time="0.057"/>
  <system-out/>
  <testcase classname="Q3.HomePage" name="checkurl" time="0.912"/>
  <system-out/>
  <testcase classname="Q3.HomePage" name="todaysdeals" time="4.115"/>
  <system-out/>
</testsuite> <!-- Q3.HomePage -->
