<?xml version="1.0" encoding="UTF-8"?>
<!-- Generated by org.testng.reporters.JUnitReportReporter -->
<testsuite hostname="TTNPL-TushrGupts" failures="0" tests="1" name="Q3.Addtocart" time="6.256" errors="0" timestamp="2023-04-10T15:28:02 IST" skipped="0">
  <testcase classname="Q3.Addtocart" name="Addtocarttest" time="6.256"/>
  <system-out/>
</testsuite> <!-- Q3.Addtocart -->
